<?xml version="1.0" encoding="UTF-8"?>
<testng-results ignored="0" total="1" passed="1" failed="0" skipped="0">
  <reporter-output>
    <line>
      <![CDATA[No. of rows are::9]]>
    </line>
    <line>
      <![CDATA[Add Employee Success4169  4169]]>
    </line>
    <line>
      <![CDATA[Add Employee Success4170  4170]]>
    </line>
    <line>
      <![CDATA[Add Employee Success4171  4171]]>
    </line>
    <line>
      <![CDATA[Add Employee Success4172  4172]]>
    </line>
    <line>
      <![CDATA[Add Employee Success4173  4173]]>
    </line>
    <line>
      <![CDATA[Add Employee Success4174  4174]]>
    </line>
    <line>
      <![CDATA[Add Employee Success4175  4175]]>
    </line>
    <line>
      <![CDATA[Add Employee Success4176  4176]]>
    </line>
  </reporter-output>
  <suite started-at="2023-10-09T22:21:15 IST" name="Default suite" finished-at="2023-10-09T22:21:44 IST" duration-ms="28407">
    <groups>
    </groups>
    <test started-at="2023-10-09T22:21:15 IST" name="Default test" finished-at="2023-10-09T22:21:44 IST" duration-ms="28407">
      <class name="driverFactory.DiverScript">
        <test-method is-config="true" signature="setUp()[pri:0, instance:driverFactory.DiverScript@231f98ef]" started-at="2023-10-09T22:21:15 IST" name="setUp" finished-at="2023-10-09T22:21:26 IST" duration-ms="11172" status="PASS">
          <reporter-output>
          </reporter-output>
        </test-method> <!-- setUp -->
        <test-method signature="startTest()[pri:0, instance:driverFactory.DiverScript@231f98ef]" started-at="2023-10-09T22:21:26 IST" name="startTest" finished-at="2023-10-09T22:21:43 IST" duration-ms="16487" status="PASS">
          <reporter-output>
            <line>
              <![CDATA[No. of rows are::9]]>
            </line>
            <line>
              <![CDATA[Add Employee Success4169  4169]]>
            </line>
            <line>
              <![CDATA[Add Employee Success4170  4170]]>
            </line>
            <line>
              <![CDATA[Add Employee Success4171  4171]]>
            </line>
            <line>
              <![CDATA[Add Employee Success4172  4172]]>
            </line>
            <line>
              <![CDATA[Add Employee Success4173  4173]]>
            </line>
            <line>
              <![CDATA[Add Employee Success4174  4174]]>
            </line>
            <line>
              <![CDATA[Add Employee Success4175  4175]]>
            </line>
            <line>
              <![CDATA[Add Employee Success4176  4176]]>
            </line>
          </reporter-output>
        </test-method> <!-- startTest -->
        <test-method is-config="true" signature="tearDown()[pri:0, instance:driverFactory.DiverScript@231f98ef]" started-at="2023-10-09T22:21:43 IST" name="tearDown" finished-at="2023-10-09T22:21:44 IST" duration-ms="680" status="PASS">
          <reporter-output>
          </reporter-output>
        </test-method> <!-- tearDown -->
      </class> <!-- driverFactory.DiverScript -->
    </test> <!-- Default test -->
  </suite> <!-- Default suite -->
</testng-results>
